\BOOKMARK [2][-]{subsection.0.1}{\376\377\000A\000u\000t\000h\000o\000r\000s\000:\000\040\000H\000i\000s\000h\000e\000m\000\040\000K\000l\000\370\000v\000n\000e\000s\000,\000\040\000O\000s\000k\000a\000r\000\040\000I\000d\000l\000a\000n\000d}{}% 1
\BOOKMARK [2][-]{subsection.0.2}{\376\377\000a\000\051\000\040\000Q\000u\000b\000i\000t\000s\000\040\000v\000s\000\040\000F\000e\000r\000m\000i\000o\000n\000s}{}% 2
\BOOKMARK [3][-]{subsubsection.0.2.1}{\376\377\000P\000a\000u\000l\000i\000\040\000g\000a\000t\000e\000s\000\040\000i\000n\000\040\000t\000e\000r\000m\000s\000\040\000o\000f\000\040\000f\000e\000r\000m\000i\000o\000n\000s}{subsection.0.2}% 3
\BOOKMARK [3][-]{subsubsection.0.2.2}{\376\377\000D\000e\000f\000i\000n\000e\000\040\000f\000o\000u\000r\000\040\000m\000a\000j\000o\000r\000a\000n\000a\000\040\000o\000p\000e\000r\000a\000t\000o\000r\000s}{subsection.0.2}% 4
\BOOKMARK [3][-]{subsubsection.0.2.3}{\376\377\000T\000h\000e\000\040\000a\000n\000t\000i\000-\000c\000o\000m\000m\000u\000t\000a\000t\000i\000o\000n\000\040\000r\000e\000l\000a\000t\000i\000o\000n\000s\000\040\000b\000e\000t\000w\000e\000e\000n\000\040\000M\000a\000j\000o\000r\000a\000n\000a\000s}{subsection.0.2}% 5
\BOOKMARK [3][-]{subsubsection.0.2.4}{\376\377\000E\000x\000p\000r\000e\000s\000s\000\040\000P\000a\000u\000l\000i\000\040\000o\000p\000e\000r\000a\000t\000o\000r\000s\000\040\000i\000n\000\040\000t\000e\000r\000m\000s\000\040\000o\000f\000\040\000M\000a\000j\000o\000r\000a\000n\000a\000\040\000O\000p\000e\000r\000a\000t\000o\000r\000s}{subsection.0.2}% 6
\BOOKMARK [3][-]{subsubsection.0.2.5}{\376\377\000S\000e\000c\000t\000i\000o\000n\000\040\000a\000:\000\040\000S\000u\000m\000m\000a\000r\000y}{subsection.0.2}% 7
\BOOKMARK [2][-]{subsection.0.3}{\376\377\000b\000\051\000\040\000M\000a\000j\000o\000r\000a\000n\000a\000\040\000E\000x\000c\000h\000a\000n\000g\000e\000\040\000g\000a\000t\000e\000s}{}% 8
\BOOKMARK [3][-]{subsubsection.0.3.1}{\376\377\000F\000i\000n\000d\000\040\000u\000n\000i\000t\000a\000r\000i\000e\000s}{subsection.0.3}% 9
\BOOKMARK [3][-]{subsubsection.0.3.2}{\376\377\000I\000m\000p\000o\000r\000t\000s\000\040\000a\000n\000d\000\040\000c\000o\000n\000f\000i\000g\000s}{subsection.0.3}% 10
\BOOKMARK [3][-]{subsubsection.0.3.3}{\376\377\000B\000r\000a\000i\000d\000i\000n\000g\000\040\000o\000p\000e\000r\000a\000t\000o\000r\000\040\000i\000n\000\040\000t\000e\000r\000m\000s\000\040\000o\000f\000\040\000M\000a\000j\000o\000r\000a\000n\000a\000s}{subsection.0.3}% 11
\BOOKMARK [3][-]{subsubsection.0.3.4}{\376\377\000B\000r\000a\000i\000d\000i\000n\000g\000\040\000o\000p\000e\000r\000a\000t\000o\000r\000s\000\040\000i\000n\000\040\000\134\000k\000e\000t\000\173\000+\000-\000\175\000,\000\040\000\134\000k\000e\000t\000\173\000-\000+\000\175\000\040\000b\000a\000s\000i\000s}{subsection.0.3}% 12
\BOOKMARK [3][-]{subsubsection.0.3.5}{\376\377\000S\000e\000c\000t\000i\000o\000n\000\040\000b\000:\000\040\000S\000u\000m\000m\000a\000r\000y}{subsection.0.3}% 13
\BOOKMARK [2][-]{subsection.0.4}{\376\377\000c\000\051\000\040\000J\000o\000r\000d\000a\000n\000-\000W\000i\000g\000n\000e\000r\000\040\000t\000r\000a\000n\000s\000f\000o\000r\000m}{}% 14
\BOOKMARK [3][-]{subsubsection.0.4.1}{\376\377\000S\000e\000c\000t\000i\000o\000n\000\040\000c\000:\000\040\000S\000u\000m\000m\000a\000r\000y}{subsection.0.4}% 15
\BOOKMARK [2][-]{subsection.0.5}{\376\377\000d\000\051\000\040\000I\000m\000p\000l\000e\000m\000e\000n\000t\000\040\000t\000h\000e\000\040\000H\000a\000m\000i\000l\000t\000o\000n\000i\000a\000n\000\040\000n\000u\000m\000e\000r\000i\000c\000a\000l\000l\000y}{}% 16
\BOOKMARK [3][-]{subsubsection.0.5.1}{\376\377\000S\000e\000c\000t\000i\000o\000n\000\040\000d\000:\000\040\000S\000u\000m\000m\000a\000r\000y}{subsection.0.5}% 17
\BOOKMARK [2][-]{subsection.0.6}{\376\377\000e\000\051\000\040\000I\000m\000p\000l\000e\000m\000e\000n\000t\000\040\000b\000r\000a\000i\000d\000i\000n\000g\000\040\000p\000r\000o\000t\000o\000c\000o\000l}{}% 18
\BOOKMARK [3][-]{subsubsection.0.6.1}{\376\377\000F\000i\000g\000u\000r\000e\000\040\000e\000.\0001}{subsection.0.6}% 19
\BOOKMARK [3][-]{subsubsection.0.6.2}{\376\377\000F\000i\000g\000u\000r\000e\000\040\000e\000.\0002}{subsection.0.6}% 20
\BOOKMARK [3][-]{subsubsection.0.6.3}{\376\377\000f\000i\000g\000u\000r\000e\000\040\000e\000.\0003}{subsection.0.6}% 21
\BOOKMARK [3][-]{subsubsection.0.6.4}{\376\377\000S\000e\000c\000t\000i\000o\000n\000\040\000e\000:\000\040\000S\000u\000m\000m\000a\000r\000y}{subsection.0.6}% 22
\BOOKMARK [2][-]{subsection.0.7}{\376\377\000f\000\051\000\040\000B\000e\000r\000r\000y\000\040\000p\000h\000a\000s\000e}{}% 23
\BOOKMARK [3][-]{subsubsection.0.7.1}{\376\377\000S\000e\000c\000t\000i\000o\000n\000\040\000f\000:\000\040\000S\000u\000m\000m\000a\000r\000y}{subsection.0.7}% 24
\BOOKMARK [2][-]{subsection.0.8}{\376\377\000P\000a\000r\000t\000\040\000g\000\051\000\040\000P\000a\000r\000a\000m\000e\000t\000e\000r\000\040\000s\000e\000a\000r\000c\000h}{}% 25
\BOOKMARK [3][-]{subsubsection.0.8.1}{\376\377\000S\000e\000c\000t\000i\000o\000n\000\040\000g\000:\000\040\000S\000u\000m\000m\000a\000r\000y}{subsection.0.8}% 26
\BOOKMARK [3][-]{subsubsection.0.8.2}{\376\377\000h\000\051\000\040\000E\000v\000o\000l\000v\000e\000\040\000t\000h\000e\000\040\000w\000a\000v\000e\000f\000u\000n\000c\000t\000i\000o\000n\000\040\000w\000i\000t\000h\000\040\000o\000p\000t\000i\000m\000a\000l\000\040\000p\000a\000r\000a\000m\000e\000t\000e\000r\000s}{subsection.0.8}% 27
\BOOKMARK [2][-]{subsection.0.9}{\376\377\000R\000e\000s\000u\000l\000t\000s}{}% 28
\BOOKMARK [2][-]{subsection.0.10}{\376\377\000D\000i\000s\000c\000u\000s\000s\000i\000o\000n}{}% 29
\BOOKMARK [2][-]{subsection.0.11}{\376\377\000C\000o\000n\000c\000l\000u\000s\000i\000o\000n}{}% 30
\BOOKMARK [2][-]{subsection.0.12}{\376\377\000F\000u\000r\000t\000h\000e\000r\000\040\000w\000o\000r\000k}{}% 31
\BOOKMARK [2][-]{subsection.0.13}{\376\377\000R\000e\000f\000e\000r\000e\000n\000c\000e\000s}{}% 32
